<?xml version="1.0" encoding="UTF-8"?>
<testng-results ignored="0" total="1" passed="1" failed="0" skipped="0">
  <reporter-output>
  </reporter-output>
  <suite started-at="2022-08-02T13:33:06 ICT" name="Default suite" finished-at="2022-08-02T13:33:13 ICT" duration-ms="6641">
    <groups>
    </groups>
    <test started-at="2022-08-02T13:33:06 ICT" name="Default test" finished-at="2022-08-02T13:33:13 ICT" duration-ms="6641">
      <class name="testcases.DemoCheckboxTest">
        <test-method signature="checkboxTest()[pri:0, instance:testcases.DemoCheckboxTest@1b11171f]" started-at="2022-08-02T13:33:06 ICT" name="checkboxTest" finished-at="2022-08-02T13:33:13 ICT" duration-ms="6619" status="PASS">
          <reporter-output>
          </reporter-output>
        </test-method> <!-- checkboxTest -->
      </class> <!-- testcases.DemoCheckboxTest -->
    </test> <!-- Default test -->
  </suite> <!-- Default suite -->
</testng-results>
